<?xml version="1.0" encoding="UTF-8"?>
<testsuite xmlns:xsi="http://www.w3.org/2001/XMLSchema-instance" xsi:noNamespaceSchemaLocation="https://maven.apache.org/surefire/maven-surefire-plugin/xsd/surefire-test-report-3.0.xsd" version="3.0" name="com.jobs.firstjobapp.FirstjobappApplicationTests" time="3.165" tests="1" errors="0" skipped="0" failures="0">
  <properties>
[...]
</properties>
  <testcase name="contextLoads" classname="com.jobs.firstjobapp.FirstjobappApplicationTests" time="0.323">
    <system-out><![CDATA[09:18:34.533 [main] INFO org.springframework.test.context.support.AnnotationConfigContextLoaderUtils -- Could not detect default configuration classes for test class [com.jobs.firstjobapp.FirstjobappApplicationTests]: FirstjobappApplicationTests does not declare any static, non-private, non-final, nested classes annotated with @Configuration.
09:18:34.582 [main] INFO org.springframework.boot.test.context.SpringBootTestContextBootstrapper -- Found @SpringBootConfiguration com.jobs.firstjobapp.FirstjobappApplication for test class com.jobs.firstjobapp.FirstjobappApplicationTests

  .   ____          _            __ _ _
 /\\ / ___'_ __ _ _(_)_ __  __ _ \ \ \ \
( ( )\___ | '_ | '_| | '_ \/ _` | \ \ \ \
 \\/  ___)| |_)| | | | | || (_| |  ) ) ) )
  '  |____| .__|_| |_|_| |_\__, | / / / /
 =========|_|==============|___/=/_/_/_/

 :: Spring Boot ::                (v3.3.3)

2024-10-02T09:18:34.782+05:30  INFO 3704 --- [firstjobapp] [           main] c.j.f.FirstjobappApplicationTests        : Starting FirstjobappApplicationTests using Java 21.0.4 with PID 3704 (started by shrirangwyawahare in /Users/prasannvyawahare/springBootProjects/firstjobapp)
2024-10-02T09:18:34.783+05:30  INFO 3704 --- [firstjobapp] [           main] c.j.f.FirstjobappApplicationTests        : No active profile set, falling back to 1 default profile: "default"
2024-10-02T09:18:35.258+05:30  INFO 3704 --- [firstjobapp] [           main] .s.d.r.c.RepositoryConfigurationDelegate : Bootstrapping Spring Data JPA repositories in DEFAULT mode.
2024-10-02T09:18:35.285+05:30  INFO 3704 --- [firstjobapp] [           main] .s.d.r.c.RepositoryConfigurationDelegate : Finished Spring Data repository scanning in 23 ms. Found 3 JPA repository interfaces.
2024-10-02T09:18:35.608+05:30  INFO 3704 --- [firstjobapp] [           main] o.hibernate.jpa.internal.util.LogHelper  : HHH000204: Processing PersistenceUnitInfo [name: default]
2024-10-02T09:18:35.641+05:30  INFO 3704 --- [firstjobapp] [           main] org.hibernate.Version                    : HHH000412: Hibernate ORM core version 6.5.2.Final
2024-10-02T09:18:35.660+05:30  INFO 3704 --- [firstjobapp] [           main] o.h.c.internal.RegionFactoryInitiator    : HHH000026: Second-level cache disabled
2024-10-02T09:18:35.816+05:30  INFO 3704 --- [firstjobapp] [           main] o.s.o.j.p.SpringPersistenceUnitInfo      : No LoadTimeWeaver setup: ignoring JPA class transformer
2024-10-02T09:18:35.830+05:30  INFO 3704 --- [firstjobapp] [           main] com.zaxxer.hikari.HikariDataSource       : HikariPool-1 - Starting...
2024-10-02T09:18:35.928+05:30  INFO 3704 --- [firstjobapp] [           main] com.zaxxer.hikari.pool.HikariPool        : HikariPool-1 - Added connection conn0: url=jdbc:h2:mem:test user=SA
2024-10-02T09:18:35.929+05:30  INFO 3704 --- [firstjobapp] [           main] com.zaxxer.hikari.HikariDataSource       : HikariPool-1 - Start completed.
2024-10-02T09:18:36.415+05:30  INFO 3704 --- [firstjobapp] [           main] o.h.e.t.j.p.i.JtaPlatformInitiator       : HHH000489: No JTA platform available (set 'hibernate.transaction.jta.platform' to enable JTA platform integration)
Hibernate: drop table if exists company cascade 
Hibernate: drop table if exists job_table cascade 
Hibernate: drop table if exists review cascade 
Hibernate: create table company (id bigint generated by default as identity, description varchar(255), name varchar(255), primary key (id))
Hibernate: create table job_table (company_id bigint, id bigint generated by default as identity, description varchar(255), location varchar(255), max_salary varchar(255), min_salary varchar(255), title varchar(255), primary key (id))
Hibernate: create table review (rating float(53) not null, company_id bigint, id bigint generated by default as identity, description varchar(255), title varchar(255), primary key (id))
Hibernate: alter table if exists job_table add constraint FKck1peqxlvvr4khykulyaakrop foreign key (company_id) references company
Hibernate: alter table if exists review add constraint FK1r7rw4wp2mtlsn758pdi24qdx foreign key (company_id) references company
2024-10-02T09:18:36.439+05:30  INFO 3704 --- [firstjobapp] [           main] j.LocalContainerEntityManagerFactoryBean : Initialized JPA EntityManagerFactory for persistence unit 'default'
2024-10-02T09:18:36.758+05:30  WARN 3704 --- [firstjobapp] [           main] JpaBaseConfiguration$JpaWebConfiguration : spring.jpa.open-in-view is enabled by default. Therefore, database queries may be performed during view rendering. Explicitly configure spring.jpa.open-in-view to disable this warning
2024-10-02T09:18:37.150+05:30  INFO 3704 --- [firstjobapp] [           main] o.s.b.a.h2.H2ConsoleAutoConfiguration    : H2 console available at '/h2-console'. Database available at 'jdbc:h2:mem:test'
2024-10-02T09:18:37.178+05:30  INFO 3704 --- [firstjobapp] [           main] o.s.b.a.e.web.EndpointLinksResolver      : Exposing 1 endpoint beneath base path '/actuator'
2024-10-02T09:18:37.218+05:30  INFO 3704 --- [firstjobapp] [           main] c.j.f.FirstjobappApplicationTests        : Started FirstjobappApplicationTests in 2.554 seconds (process running for 3.072)
]]></system-out>
    <system-err><![CDATA[WARNING: A Java agent has been loaded dynamically (/Users/prasannvyawahare/.m2/repository/net/bytebuddy/byte-buddy-agent/1.14.19/byte-buddy-agent-1.14.19.jar)
WARNING: If a serviceability tool is in use, please run with -XX:+EnableDynamicAgentLoading to hide this warning
WARNING: If a serviceability tool is not in use, please run with -Djdk.instrument.traceUsage for more information
WARNING: Dynamic loading of agents will be disallowed by default in a future release
]]></system-err>
  </testcase>
</testsuite>